<?xml version="1.0" encoding="UTF-8"?>
<testng-results ignored="2" total="3" passed="0" failed="1" skipped="0">
  <reporter-output>
  </reporter-output>
  <suite started-at="2022-04-14T16:57:07 CEST" name="Suite" finished-at="2022-04-14T16:57:21 CEST" duration-ms="14014">
    <groups>
    </groups>
    <test started-at="2022-04-14T16:57:07 CEST" name="LoginAndSearch" finished-at="2022-04-14T16:57:21 CEST" duration-ms="14014">
      <class name="com.perigon.retryexecution.FailedTestsExecutor">
        <test-method is-config="true" signature="runFailedXml()[pri:0, instance:com.perigon.retryexecution.FailedTestsExecutor@243c4f91]" started-at="2022-04-14T16:57:21 CEST" name="runFailedXml" finished-at="2022-04-14T16:57:41 CEST" duration-ms="20422" status="PASS">
          <reporter-output>
          </reporter-output>
        </test-method> <!-- runFailedXml -->
      </class> <!-- com.perigon.retryexecution.FailedTestsExecutor -->
      <class name="com.perigon.tests.TC_02_SearchCustomer">
        <test-method is-config="true" signature="launchBrowser(java.lang.String)[pri:0, instance:com.perigon.tests.TC_02_SearchCustomer@3427b02d]" started-at="2022-04-14T16:56:56 CEST" name="launchBrowser" finished-at="2022-04-14T16:57:07 CEST" duration-ms="11351" status="PASS">
          <params>
            <param index="0">
              <value>
                <![CDATA[chrome]]>
              </value>
            </param>
          </params>
          <reporter-output>
          </reporter-output>
        </test-method> <!-- launchBrowser -->
        <test-method is-config="true" signature="getLoginLocator()[pri:0, instance:com.perigon.tests.TC_02_SearchCustomer@3427b02d]" started-at="2022-04-14T16:57:07 CEST" name="getLoginLocator" finished-at="2022-04-14T16:57:07 CEST" duration-ms="20" status="PASS">
          <reporter-output>
          </reporter-output>
        </test-method> <!-- getLoginLocator -->
        <test-method signature="searchFirstCustomer()[pri:0, instance:com.perigon.tests.TC_02_SearchCustomer@3427b02d]" started-at="2022-04-14T16:57:07 CEST" name="searchFirstCustomer" description="serach customers present in Excel sheet" finished-at="2022-04-14T16:57:19 CEST" duration-ms="12014" status="FAIL">
          <exception class="java.lang.AssertionError">
            <full-stacktrace>
              <![CDATA[java.lang.AssertionError
at org.junit.Assert.fail(Assert.java:87)
at org.junit.Assert.assertTrue(Assert.java:42)
at org.junit.Assert.assertTrue(Assert.java:53)
at com.perigon.tests.TC_02_SearchCustomer.searchFirstCustomer(TC_02_SearchCustomer.java:73)
at java.base/jdk.internal.reflect.NativeMethodAccessorImpl.invoke0(Native Method)
at java.base/jdk.internal.reflect.NativeMethodAccessorImpl.invoke(NativeMethodAccessorImpl.java:77)
at java.base/jdk.internal.reflect.DelegatingMethodAccessorImpl.invoke(DelegatingMethodAccessorImpl.java:43)
at java.base/java.lang.reflect.Method.invoke(Method.java:568)
at org.testng.internal.MethodInvocationHelper.invokeMethod(MethodInvocationHelper.java:134)
at org.testng.internal.TestInvoker.invokeMethod(TestInvoker.java:597)
at org.testng.internal.TestInvoker.invokeTestMethod(TestInvoker.java:173)
at org.testng.internal.MethodRunner.runInSequence(MethodRunner.java:46)
at org.testng.internal.TestInvoker$MethodInvocationAgent.invoke(TestInvoker.java:816)
at org.testng.internal.TestInvoker.invokeTestMethods(TestInvoker.java:146)
at org.testng.internal.TestMethodWorker.invokeTestMethods(TestMethodWorker.java:146)
at org.testng.internal.TestMethodWorker.run(TestMethodWorker.java:128)
at java.base/java.util.ArrayList.forEach(ArrayList.java:1511)
at org.testng.TestRunner.privateRun(TestRunner.java:766)
at org.testng.TestRunner.run(TestRunner.java:587)
at org.testng.SuiteRunner.runTest(SuiteRunner.java:384)
at org.testng.SuiteRunner.runSequentially(SuiteRunner.java:378)
at org.testng.SuiteRunner.privateRun(SuiteRunner.java:337)
at org.testng.SuiteRunner.run(SuiteRunner.java:286)
at org.testng.SuiteRunnerWorker.runSuite(SuiteRunnerWorker.java:53)
at org.testng.SuiteRunnerWorker.run(SuiteRunnerWorker.java:96)
at org.testng.TestNG.runSuitesSequentially(TestNG.java:1187)
at org.testng.TestNG.runSuitesLocally(TestNG.java:1109)
at org.testng.TestNG.runSuites(TestNG.java:1039)
at org.testng.TestNG.run(TestNG.java:1007)
at org.testng.remote.AbstractRemoteTestNG.run(AbstractRemoteTestNG.java:115)
at org.testng.remote.RemoteTestNG.initAndRun(RemoteTestNG.java:251)
at org.testng.remote.RemoteTestNG.main(RemoteTestNG.java:77)
]]>
            </full-stacktrace>
          </exception> <!-- java.lang.AssertionError -->
          <reporter-output>
          </reporter-output>
        </test-method> <!-- searchFirstCustomer -->
        <test-method is-config="true" signature="tearDown()[pri:0, instance:com.perigon.tests.TC_02_SearchCustomer@3427b02d]" started-at="2022-04-14T16:57:20 CEST" name="tearDown" finished-at="2022-04-14T16:57:21 CEST" duration-ms="555" status="PASS">
          <reporter-output>
          </reporter-output>
        </test-method> <!-- tearDown -->
      </class> <!-- com.perigon.tests.TC_02_SearchCustomer -->
      <class name="com.perigon.Reports.ExecutionMonitor">
        <test-method is-config="true" signature="setConfiguration()[pri:0, instance:com.perigon.Reports.ExecutionMonitor@28eaa59a]" started-at="2022-04-14T16:57:07 CEST" name="setConfiguration" finished-at="2022-04-14T16:57:07 CEST" depends-on-methods="com.perigon.tests.Base.launchBrowser" duration-ms="86" status="PASS">
          <reporter-output>
          </reporter-output>
        </test-method> <!-- setConfiguration -->
      </class> <!-- com.perigon.Reports.ExecutionMonitor -->
    </test> <!-- LoginAndSearch -->
  </suite> <!-- Suite -->
</testng-results>
