<?xml version="1.0" encoding="UTF-8"?>
<!-- Generated by org.testng.reporters.JUnitXMLReporter -->
<testsuite ignored="2" hostname="DALE-TEST082" failures="1" tests="1" name="LoginAndSearch" time="14.014" errors="0" timestamp="2022-04-14T16:57:21 CEST">
  <testcase classname="com.perigon.tests.TC_02_SearchCustomer" name="searchFirstCustomer" time="12.014">
    <failure type="java.lang.AssertionError">
      <![CDATA[java.lang.AssertionError
at org.junit.Assert.fail(Assert.java:87)
at org.junit.Assert.assertTrue(Assert.java:42)
at org.junit.Assert.assertTrue(Assert.java:53)
at com.perigon.tests.TC_02_SearchCustomer.searchFirstCustomer(TC_02_SearchCustomer.java:73)
at java.base/java.util.ArrayList.forEach(ArrayList.java:1511)
... Removed 27 stack frames]]>
    </failure>
  </testcase> <!-- searchFirstCustomer -->
  <testcase classname="com.perigon.tests.Base" name="@BeforeSuite launchBrowser" time="0.0">
    <ignored/>
  </testcase> <!-- @BeforeSuite launchBrowser -->
  <testcase classname="com.perigon.tests.Base" name="@AfterTest tearDown" time="0.0">
    <ignored/>
  </testcase> <!-- @AfterTest tearDown -->
</testsuite> <!-- LoginAndSearch -->
